<?xml version="1.0" encoding="utf-8" standalone="no"?>
<!--This file represents the results of running a test suite-->
<test-results name="C:\Documents and Settings\Erich\My Documents\My Projects\ActiveWidgets\SampleStore\SampleStore.sln" total="4" errors="0" failures="0" not-run="0" inconclusive="0" ignored="0" skipped="0" invalid="0" date="2012-09-15" time="16:35:18">
  <environment nunit-version="2.6.1.12217" clr-version="2.0.50727.3053" os-version="Microsoft Windows NT 5.1.2600 Service Pack 3" platform="Win32NT" cwd="C:\Documents and Settings\Erich\My Documents\My Projects\ActiveWidgets\SampleStore" machine-name="ODETTE" user="Erich" user-domain="ODETTE" />
  <culture-info current-culture="en-US" current-uiculture="en-US" />
  <test-suite type="Project" name="C:\Documents and Settings\Erich\My Documents\My Projects\ActiveWidgets\SampleStore\SampleStore.sln" executed="True" result="Success" success="True" time="0.078" asserts="0">
    <results>
      <test-suite type="Assembly" name="C:\Documents and Settings\Erich\My Documents\My Projects\ActiveWidgets\SampleStore\Store.Win.Tests\bin\Debug\Store.Win.Tests.exe" executed="True" result="Success" success="True" time="0.063" asserts="0">
        <results>
          <test-suite type="TestFixture" name="GlyphExtensionsFixture" executed="True" result="Success" success="True" time="0.063" asserts="0">
            <results>
              <test-case name="Store.Win.Tests.Tests.Controls.GlyphExtensionsFixture.GetLarge_returns_image_if_not_null" executed="True" result="Success" success="True" time="0.016" asserts="1" />
              <test-case name="Store.Win.Tests.Tests.Controls.GlyphExtensionsFixture.GetLarge_returns_null_for_null_glyph" executed="True" result="Success" success="True" time="0.000" asserts="1" />
              <test-case name="Store.Win.Tests.Tests.Controls.GlyphExtensionsFixture.GetMedium_returns_image_if_not_null" executed="True" result="Success" success="True" time="0.000" asserts="1" />
              <test-case name="Store.Win.Tests.Tests.Controls.GlyphExtensionsFixture.GetMedium_returns_null_for_null_glyph" executed="True" result="Success" success="True" time="0.000" asserts="1" />
            </results>
          </test-suite>
        </results>
      </test-suite>
    </results>
  </test-suite>
</test-results>